The system is: Windows - 10.0.19042 - AMD64
Compiling the C compiler identification source file "CMakeCCompilerId.c" succeeded.
Compiler: D:/vc2019/VC/Tools/MSVC/14.27.29110/bin/Hostx64/x64/cl.exe 
Build flags: 
Id flags:  

The output was:
0
用于 x64 的 Microsoft (R) C/C++ 优化编译器 19.27.29112 版
版权所有(C) Microsoft Corporation。保留所有权利。

CMakeCCompilerId.c
Microsoft (R) Incremental Linker Version 14.27.29112.0
Copyright (C) Microsoft Corporation.  All rights reserved.

/out:CMakeCCompilerId.exe 
CMakeCCompilerId.obj 


Compilation of the C compiler identification source "CMakeCCompilerId.c" produced "CMakeCCompilerId.exe"

Compilation of the C compiler identification source "CMakeCCompilerId.c" produced "CMakeCCompilerId.obj"

The C compiler identification is MSVC, found in "C:/Users/pc/Desktop/Seed_new7.7/Seed_new/src/vehicle_control/lon_controller/out/build/x64-Debug (默认值)/CMakeFiles/3.17.20032601-MSVC_2/CompilerIdC/CMakeCCompilerId.exe"

Compiling the CXX compiler identification source file "CMakeCXXCompilerId.cpp" succeeded.
Compiler: D:/vc2019/VC/Tools/MSVC/14.27.29110/bin/Hostx64/x64/cl.exe 
Build flags: 
Id flags:  

The output was:
0
用于 x64 的 Microsoft (R) C/C++ 优化编译器 19.27.29112 版
版权所有(C) Microsoft Corporation。保留所有权利。

CMakeCXXCompilerId.cpp
Microsoft (R) Incremental Linker Version 14.27.29112.0
Copyright (C) Microsoft Corporation.  All rights reserved.

/out:CMakeCXXCompilerId.exe 
CMakeCXXCompilerId.obj 


Compilation of the CXX compiler identification source "CMakeCXXCompilerId.cpp" produced "CMakeCXXCompilerId.exe"

Compilation of the CXX compiler identification source "CMakeCXXCompilerId.cpp" produced "CMakeCXXCompilerId.obj"

The CXX compiler identification is MSVC, found in "C:/Users/pc/Desktop/Seed_new7.7/Seed_new/src/vehicle_control/lon_controller/out/build/x64-Debug (默认值)/CMakeFiles/3.17.20032601-MSVC_2/CompilerIdCXX/CMakeCXXCompilerId.exe"

Determining if the C compiler works passed with the following output:
Change Dir: C:/Users/pc/Desktop/Seed_new7.7/Seed_new/src/vehicle_control/lon_controller/out/build/x64-Debug (默认值)/CMakeFiles/CMakeTmp

Run Build Command(s):D:\VC2019\COMMON7\IDE\COMMONEXTENSIONS\MICROSOFT\CMAKE\Ninja\ninja.exe cmTC_70559 && [1/2] Building C object CMakeFiles\cmTC_70559.dir\testCCompiler.c.obj
[2/2] Linking C executable cmTC_70559.exe



Detecting C compiler ABI info compiled with the following output:
Change Dir: C:/Users/pc/Desktop/Seed_new7.7/Seed_new/src/vehicle_control/lon_controller/out/build/x64-Debug (默认值)/CMakeFiles/CMakeTmp

Run Build Command(s):D:\VC2019\COMMON7\IDE\COMMONEXTENSIONS\MICROSOFT\CMAKE\Ninja\ninja.exe cmTC_e1eba && [1/2] Building C object CMakeFiles\cmTC_e1eba.dir\CMakeCCompilerABI.c.obj
[2/2] Linking C executable cmTC_e1eba.exe



Determining if the CXX compiler works passed with the following output:
Change Dir: C:/Users/pc/Desktop/Seed_new7.7/Seed_new/src/vehicle_control/lon_controller/out/build/x64-Debug (默认值)/CMakeFiles/CMakeTmp

Run Build Command(s):D:\VC2019\COMMON7\IDE\COMMONEXTENSIONS\MICROSOFT\CMAKE\Ninja\ninja.exe cmTC_3480e && [1/2] Building CXX object CMakeFiles\cmTC_3480e.dir\testCXXCompiler.cxx.obj
[2/2] Linking CXX executable cmTC_3480e.exe



Detecting CXX compiler ABI info compiled with the following output:
Change Dir: C:/Users/pc/Desktop/Seed_new7.7/Seed_new/src/vehicle_control/lon_controller/out/build/x64-Debug (默认值)/CMakeFiles/CMakeTmp

Run Build Command(s):D:\VC2019\COMMON7\IDE\COMMONEXTENSIONS\MICROSOFT\CMAKE\Ninja\ninja.exe cmTC_9858d && [1/2] Building CXX object CMakeFiles\cmTC_9858d.dir\CMakeCXXCompilerABI.cpp.obj
[2/2] Linking CXX executable cmTC_9858d.exe



